生成启动时间为 2019/11/6 20:44:36。
     1>项目“D:\Summer\201901106\201901106\201901106.vcxproj”在节点 2 上(Build 个目标)。
     1>ClCompile:
         E:\Download\VC\bin\CL.exe /c /ZI /nologo /W3 /WX- /sdl /Od /Oy- /D WIN32 /D _DEBUG /D _CONSOLE /D _LIB /D _UNICODE /D UNICODE /Gm /EHsc /RTC1 /MDd /GS /fp:precise /Zc:wchar_t /Zc:forScope /Fo"Debug\\" /Fd"Debug\vc120.pdb" /Gd /TP /analyze- /errorReport:prompt main.cpp
     1>C:\Program Files (x86)\MSBuild\Microsoft.Cpp\v4.0\V120\Microsoft.CppCommon.targets(341,5): warning MSB4220: 等待当前正在执行的任务“CL”取消。
     1>C:\Program Files (x86)\MSBuild\Microsoft.Cpp\v4.0\V120\Microsoft.CppCommon.targets(341,5): warning MSB4220: 等待当前正在执行的任务“CL”取消。
     1>C:\Program Files (x86)\MSBuild\Microsoft.Cpp\v4.0\V120\Microsoft.CppCommon.targets(341,5): warning MSB4220: 等待当前正在执行的任务“CL”取消。
     1>C:\Program Files (x86)\MSBuild\Microsoft.Cpp\v4.0\V120\Microsoft.CppCommon.targets(341,5): warning MSB4220: 等待当前正在执行的任务“CL”取消。
     1>C:\Program Files (x86)\MSBuild\Microsoft.Cpp\v4.0\V120\Microsoft.CppCommon.targets(341,5): warning MSB4220: 等待当前正在执行的任务“CL”取消。
     1>C:\Program Files (x86)\MSBuild\Microsoft.Cpp\v4.0\V120\Microsoft.CppCommon.targets(341,5): warning MSB4220: 等待当前正在执行的任务“CL”取消。
     1>C:\Program Files (x86)\MSBuild\Microsoft.Cpp\v4.0\V120\Microsoft.CppCommon.targets(341,5): warning MSB4220: 等待当前正在执行的任务“CL”取消。
     1>C:\Program Files (x86)\MSBuild\Microsoft.Cpp\v4.0\V120\Microsoft.CppCommon.targets(341,5): warning MSB4220: 等待当前正在执行的任务“CL”取消。
     1>C:\Program Files (x86)\MSBuild\Microsoft.Cpp\v4.0\V120\Microsoft.CppCommon.targets(341,5): warning MSB4220: 等待当前正在执行的任务“CL”取消。
     1>C:\Program Files (x86)\MSBuild\Microsoft.Cpp\v4.0\V120\Microsoft.CppCommon.targets(341,5): warning MSB4220: 等待当前正在执行的任务“CL”取消。
     1>C:\Program Files (x86)\MSBuild\Microsoft.Cpp\v4.0\V120\Microsoft.CppCommon.targets(341,5): warning MSB4220: 等待当前正在执行的任务“CL”取消。
     1>C:\Program Files (x86)\MSBuild\Microsoft.Cpp\v4.0\V120\Microsoft.CppCommon.targets(341,5): warning MSB4220: 等待当前正在执行的任务“CL”取消。
     1>C:\Program Files (x86)\MSBuild\Microsoft.Cpp\v4.0\V120\Microsoft.CppCommon.targets(341,5): warning MSB4220: 等待当前正在执行的任务“CL”取消。
     1>C:\Program Files (x86)\MSBuild\Microsoft.Cpp\v4.0\V120\Microsoft.CppCommon.targets(341,5): warning MSB4220: 等待当前正在执行的任务“CL”取消。
     1>C:\Program Files (x86)\MSBuild\Microsoft.Cpp\v4.0\V120\Microsoft.CppCommon.targets(341,5): warning MSB4220: 等待当前正在执行的任务“CL”取消。
     1>C:\Program Files (x86)\MSBuild\Microsoft.Cpp\v4.0\V120\Microsoft.CppCommon.targets(341,5): warning MSB4220: 等待当前正在执行的任务“CL”取消。
     1>C:\Program Files (x86)\MSBuild\Microsoft.Cpp\v4.0\V120\Microsoft.CppCommon.targets(341,5): warning MSB4220: 等待当前正在执行的任务“CL”取消。
     1>C:\Program Files (x86)\MSBuild\Microsoft.Cpp\v4.0\V120\Microsoft.CppCommon.targets(341,5): warning MSB4220: 等待当前正在执行的任务“CL”取消。
     1>C:\Program Files (x86)\MSBuild\Microsoft.Cpp\v4.0\V120\Microsoft.CppCommon.targets(341,5): warning MSB4220: 等待当前正在执行的任务“CL”取消。
     1>C:\Program Files (x86)\MSBuild\Microsoft.Cpp\v4.0\V120\Microsoft.CppCommon.targets(341,5): warning MSB4220: 等待当前正在执行的任务“CL”取消。
     1>C:\Program Files (x86)\MSBuild\Microsoft.Cpp\v4.0\V120\Microsoft.CppCommon.targets(341,5): warning MSB4220: 等待当前正在执行的任务“CL”取消。
     1>C:\Program Files (x86)\MSBuild\Microsoft.Cpp\v4.0\V120\Microsoft.CppCommon.targets(341,5): warning MSB4220: 等待当前正在执行的任务“CL”取消。
     1>C:\Program Files (x86)\MSBuild\Microsoft.Cpp\v4.0\V120\Microsoft.CppCommon.targets(341,5): warning MSB4220: 等待当前正在执行的任务“CL”取消。
     1>C:\Program Files (x86)\MSBuild\Microsoft.Cpp\v4.0\V120\Microsoft.CppCommon.targets(341,5): warning MSB4220: 等待当前正在执行的任务“CL”取消。
     1>C:\Program Files (x86)\MSBuild\Microsoft.Cpp\v4.0\V120\Microsoft.CppCommon.targets(341,5): warning MSB4220: 等待当前正在执行的任务“CL”取消。
     1>C:\Program Files (x86)\MSBuild\Microsoft.Cpp\v4.0\V120\Microsoft.CppCommon.targets(341,5): warning MSB4220: 等待当前正在执行的任务“CL”取消。
     1>C:\Program Files (x86)\MSBuild\Microsoft.Cpp\v4.0\V120\Microsoft.CppCommon.targets(341,5): warning MSB4220: 等待当前正在执行的任务“CL”取消。
     1>C:\Program Files (x86)\MSBuild\Microsoft.Cpp\v4.0\V120\Microsoft.CppCommon.targets(341,5): warning MSB4220: 等待当前正在执行的任务“CL”取消。
     1>C:\Program Files (x86)\MSBuild\Microsoft.Cpp\v4.0\V120\Microsoft.CppCommon.targets(341,5): warning MSB4220: 等待当前正在执行的任务“CL”取消。
     1>C:\Program Files (x86)\MSBuild\Microsoft.Cpp\v4.0\V120\Microsoft.CppCommon.targets(341,5): warning MSB4220: 等待当前正在执行的任务“CL”取消。
     1>C:\Program Files (x86)\MSBuild\Microsoft.Cpp\v4.0\V120\Microsoft.CppCommon.targets(341,5): warning MSB4220: 等待当前正在执行的任务“CL”取消。
     1>C:\Program Files (x86)\MSBuild\Microsoft.Cpp\v4.0\V120\Microsoft.CppCommon.targets(341,5): warning MSB4220: 等待当前正在执行的任务“CL”取消。
     1>C:\Program Files (x86)\MSBuild\Microsoft.Cpp\v4.0\V120\Microsoft.CppCommon.targets(341,5): warning MSB4220: 等待当前正在执行的任务“CL”取消。
     1>C:\Program Files (x86)\MSBuild\Microsoft.Cpp\v4.0\V120\Microsoft.CppCommon.targets(341,5): warning MSB4220: 等待当前正在执行的任务“CL”取消。
     1>C:\Program Files (x86)\MSBuild\Microsoft.Cpp\v4.0\V120\Microsoft.CppCommon.targets(341,5): warning MSB4220: 等待当前正在执行的任务“CL”取消。
     1>C:\Program Files (x86)\MSBuild\Microsoft.Cpp\v4.0\V120\Microsoft.CppCommon.targets(341,5): warning MSB4220: 等待当前正在执行的任务“CL”取消。
     1>C:\Program Files (x86)\MSBuild\Microsoft.Cpp\v4.0\V120\Microsoft.CppCommon.targets(341,5): warning MSB4220: 等待当前正在执行的任务“CL”取消。
     1>C:\Program Files (x86)\MSBuild\Microsoft.Cpp\v4.0\V120\Microsoft.CppCommon.targets(341,5): warning MSB4220: 等待当前正在执行的任务“CL”取消。
     1>C:\Program Files (x86)\MSBuild\Microsoft.Cpp\v4.0\V120\Microsoft.CppCommon.targets(341,5): warning MSB4220: 等待当前正在执行的任务“CL”取消。
     1>C:\Program Files (x86)\MSBuild\Microsoft.Cpp\v4.0\V120\Microsoft.CppCommon.targets(341,5): warning MSB4220: 等待当前正在执行的任务“CL”取消。
     1>C:\Program Files (x86)\MSBuild\Microsoft.Cpp\v4.0\V120\Microsoft.CppCommon.targets(341,5): warning MSB4220: 等待当前正在执行的任务“CL”取消。
     1>C:\Program Files (x86)\MSBuild\Microsoft.Cpp\v4.0\V120\Microsoft.CppCommon.targets(341,5): warning MSB4220: 等待当前正在执行的任务“CL”取消。
     1>C:\Program Files (x86)\MSBuild\Microsoft.Cpp\v4.0\V120\Microsoft.CppCommon.targets(341,5): warning MSB4220: 等待当前正在执行的任务“CL”取消。
     1>C:\Program Files (x86)\MSBuild\Microsoft.Cpp\v4.0\V120\Microsoft.CppCommon.targets(341,5): warning MSB4220: 等待当前正在执行的任务“CL”取消。
     1>C:\Program Files (x86)\MSBuild\Microsoft.Cpp\v4.0\V120\Microsoft.CppCommon.targets(341,5): warning MSB4220: 等待当前正在执行的任务“CL”取消。
     1>C:\Program Files (x86)\MSBuild\Microsoft.Cpp\v4.0\V120\Microsoft.CppCommon.targets(341,5): warning MSB4220: 等待当前正在执行的任务“CL”取消。
     1>C:\Program Files (x86)\MSBuild\Microsoft.Cpp\v4.0\V120\Microsoft.CppCommon.targets(341,5): warning MSB4220: 等待当前正在执行的任务“CL”取消。
     1>C:\Program Files (x86)\MSBuild\Microsoft.Cpp\v4.0\V120\Microsoft.CppCommon.targets(341,5): warning MSB4220: 等待当前正在执行的任务“CL”取消。
     1>C:\Program Files (x86)\MSBuild\Microsoft.Cpp\v4.0\V120\Microsoft.CppCommon.targets(341,5): warning MSB4220: 等待当前正在执行的任务“CL”取消。
     1>C:\Program Files (x86)\MSBuild\Microsoft.Cpp\v4.0\V120\Microsoft.CppCommon.targets(341,5): warning MSB4220: 等待当前正在执行的任务“CL”取消。
     1>C:\Program Files (x86)\MSBuild\Microsoft.Cpp\v4.0\V120\Microsoft.CppCommon.targets(341,5): warning MSB4220: 等待当前正在执行的任务“CL”取消。
     1>C:\Program Files (x86)\MSBuild\Microsoft.Cpp\v4.0\V120\Microsoft.CppCommon.targets(341,5): warning MSB4220: 等待当前正在执行的任务“CL”取消。
     1>C:\Program Files (x86)\MSBuild\Microsoft.Cpp\v4.0\V120\Microsoft.CppCommon.targets(341,5): warning MSB4220: 等待当前正在执行的任务“CL”取消。
     1>C:\Program Files (x86)\MSBuild\Microsoft.Cpp\v4.0\V120\Microsoft.CppCommon.targets(341,5): warning MSB4220: 等待当前正在执行的任务“CL”取消。
     1>C:\Program Files (x86)\MSBuild\Microsoft.Cpp\v4.0\V120\Microsoft.CppCommon.targets(341,5): warning MSB4220: 等待当前正在执行的任务“CL”取消。
     1>C:\Program Files (x86)\MSBuild\Microsoft.Cpp\v4.0\V120\Microsoft.CppCommon.targets(341,5): warning MSB4220: 等待当前正在执行的任务“CL”取消。
     1>C:\Program Files (x86)\MSBuild\Microsoft.Cpp\v4.0\V120\Microsoft.CppCommon.targets(341,5): warning MSB4220: 等待当前正在执行的任务“CL”取消。
     1>C:\Program Files (x86)\MSBuild\Microsoft.Cpp\v4.0\V120\Microsoft.CppCommon.targets(341,5): warning MSB4220: 等待当前正在执行的任务“CL”取消。
     1>C:\Program Files (x86)\MSBuild\Microsoft.Cpp\v4.0\V120\Microsoft.CppCommon.targets(341,5): warning MSB4220: 等待当前正在执行的任务“CL”取消。
     1>C:\Program Files (x86)\MSBuild\Microsoft.Cpp\v4.0\V120\Microsoft.CppCommon.targets(341,5): warning MSB4220: 等待当前正在执行的任务“CL”取消。
     1>C:\Program Files (x86)\MSBuild\Microsoft.Cpp\v4.0\V120\Microsoft.CppCommon.targets(341,5): warning MSB4220: 等待当前正在执行的任务“CL”取消。
     1>C:\Program Files (x86)\MSBuild\Microsoft.Cpp\v4.0\V120\Microsoft.CppCommon.targets(341,5): warning MSB4220: 等待当前正在执行的任务“CL”取消。
     1>C:\Program Files (x86)\MSBuild\Microsoft.Cpp\v4.0\V120\Microsoft.CppCommon.targets(341,5): warning MSB4220: 等待当前正在执行的任务“CL”取消。
     1>C:\Program Files (x86)\MSBuild\Microsoft.Cpp\v4.0\V120\Microsoft.CppCommon.targets(341,5): warning MSB4220: 等待当前正在执行的任务“CL”取消。
     1>C:\Program Files (x86)\MSBuild\Microsoft.Cpp\v4.0\V120\Microsoft.CppCommon.targets(341,5): warning MSB4220: 等待当前正在执行的任务“CL”取消。
     1>C:\Program Files (x86)\MSBuild\Microsoft.Cpp\v4.0\V120\Microsoft.CppCommon.targets(341,5): warning MSB4220: 等待当前正在执行的任务“CL”取消。
     1>C:\Program Files (x86)\MSBuild\Microsoft.Cpp\v4.0\V120\Microsoft.CppCommon.targets(341,5): warning MSB4220: 等待当前正在执行的任务“CL”取消。
     1>C:\Program Files (x86)\MSBuild\Microsoft.Cpp\v4.0\V120\Microsoft.CppCommon.targets(341,5): warning MSB4220: 等待当前正在执行的任务“CL”取消。
     1>C:\Program Files (x86)\MSBuild\Microsoft.Cpp\v4.0\V120\Microsoft.CppCommon.targets(341,5): warning MSB4220: 等待当前正在执行的任务“CL”取消。
     1>C:\Program Files (x86)\MSBuild\Microsoft.Cpp\v4.0\V120\Microsoft.CppCommon.targets(341,5): warning MSB4220: 等待当前正在执行的任务“CL”取消。
     1>C:\Program Files (x86)\MSBuild\Microsoft.Cpp\v4.0\V120\Microsoft.CppCommon.targets(341,5): warning MSB4220: 等待当前正在执行的任务“CL”取消。
     1>C:\Program Files (x86)\MSBuild\Microsoft.Cpp\v4.0\V120\Microsoft.CppCommon.targets(341,5): warning MSB4220: 等待当前正在执行的任务“CL”取消。
     1>C:\Program Files (x86)\MSBuild\Microsoft.Cpp\v4.0\V120\Microsoft.CppCommon.targets(341,5): warning MSB4220: 等待当前正在执行的任务“CL”取消。
     1>C:\Program Files (x86)\MSBuild\Microsoft.Cpp\v4.0\V120\Microsoft.CppCommon.targets(341,5): warning MSB4220: 等待当前正在执行的任务“CL”取消。
     1>C:\Program Files (x86)\MSBuild\Microsoft.Cpp\v4.0\V120\Microsoft.CppCommon.targets(341,5): warning MSB4220: 等待当前正在执行的任务“CL”取消。
     1>C:\Program Files (x86)\MSBuild\Microsoft.Cpp\v4.0\V120\Microsoft.CppCommon.targets(341,5): warning MSB4220: 等待当前正在执行的任务“CL”取消。
     1>C:\Program Files (x86)\MSBuild\Microsoft.Cpp\v4.0\V120\Microsoft.CppCommon.targets(341,5): warning MSB4220: 等待当前正在执行的任务“CL”取消。
     1>C:\Program Files (x86)\MSBuild\Microsoft.Cpp\v4.0\V120\Microsoft.CppCommon.targets(341,5): warning MSB4220: 等待当前正在执行的任务“CL”取消。
     1>C:\Program Files (x86)\MSBuild\Microsoft.Cpp\v4.0\V120\Microsoft.CppCommon.targets(341,5): warning MSB4220: 等待当前正在执行的任务“CL”取消。
     1>C:\Program Files (x86)\MSBuild\Microsoft.Cpp\v4.0\V120\Microsoft.CppCommon.targets(341,5): warning MSB4220: 等待当前正在执行的任务“CL”取消。
     1>C:\Program Files (x86)\MSBuild\Microsoft.Cpp\v4.0\V120\Microsoft.CppCommon.targets(341,5): warning MSB4220: 等待当前正在执行的任务“CL”取消。
     1>C:\Program Files (x86)\MSBuild\Microsoft.Cpp\v4.0\V120\Microsoft.CppCommon.targets(341,5): warning MSB4220: 等待当前正在执行的任务“CL”取消。
     1>C:\Program Files (x86)\MSBuild\Microsoft.Cpp\v4.0\V120\Microsoft.CppCommon.targets(341,5): warning MSB4220: 等待当前正在执行的任务“CL”取消。
     1>C:\Program Files (x86)\MSBuild\Microsoft.Cpp\v4.0\V120\Microsoft.CppCommon.targets(341,5): warning MSB4220: 等待当前正在执行的任务“CL”取消。
     1>C:\Program Files (x86)\MSBuild\Microsoft.Cpp\v4.0\V120\Microsoft.CppCommon.targets(341,5): warning MSB4220: 等待当前正在执行的任务“CL”取消。
     1>C:\Program Files (x86)\MSBuild\Microsoft.Cpp\v4.0\V120\Microsoft.CppCommon.targets(341,5): warning MSB4220: 等待当前正在执行的任务“CL”取消。
